Using pre-set license
Built from '2021.3/staging' branch; Version is '2021.3.10f1 (1c7d0df0160b) revision 1867021'; Using compiler version '192829333'; Build Type 'Release'
OS: 'Windows 10  (10.0.19043) 64bit Core' Language: 'en' Physical Memory: 16322 MB
BatchMode: 1, IsHumanControllingUs: 0, StartBugReporterOnCrash: 0, Is64bit: 1, IsPro: 1

COMMAND LINE ARGUMENTS:
D:\Other\Unity\2021.3.10f1\Editor\Unity.exe
-adb2
-batchMode
-noUpm
-name
AssetImportWorker0
-projectPath
D:/Other/Unity/omcpeake_ca1
-logFile
Logs/AssetImportWorker0.log
-srvPort
58277
Successfully changed project path to: D:/Other/Unity/omcpeake_ca1
D:/Other/Unity/omcpeake_ca1
[UnityMemory] Configuration Parameters - Can be set up in boot.config
    "memorysetup-bucket-allocator-granularity=16"
    "memorysetup-bucket-allocator-bucket-count=8"
    "memorysetup-bucket-allocator-block-size=33554432"
    "memorysetup-bucket-allocator-block-count=8"
    "memorysetup-main-allocator-block-size=16777216"
    "memorysetup-thread-allocator-block-size=16777216"
    "memorysetup-gfx-main-allocator-block-size=16777216"
    "memorysetup-gfx-thread-allocator-block-size=16777216"
    "memorysetup-cache-allocator-block-size=4194304"
    "memorysetup-typetree-allocator-block-size=2097152"
    "memorysetup-profiler-bucket-allocator-granularity=16"
    "memorysetup-profiler-bucket-allocator-bucket-count=8"
    "memorysetup-profiler-bucket-allocator-block-size=33554432"
    "memorysetup-profiler-bucket-allocator-block-count=8"
    "memorysetup-profiler-allocator-block-size=16777216"
    "memorysetup-profiler-editor-allocator-block-size=1048576"
    "memorysetup-temp-allocator-size-main=16777216"
    "memorysetup-job-temp-allocator-block-size=2097152"
    "memorysetup-job-temp-allocator-block-size-background=1048576"
    "memorysetup-job-temp-allocator-reduction-small-platforms=262144"
    "memorysetup-temp-allocator-size-background-worker=32768"
    "memorysetup-temp-allocator-size-job-worker=262144"
    "memorysetup-temp-allocator-size-preload-manager=33554432"
    "memorysetup-temp-allocator-size-nav-mesh-worker=65536"
    "memorysetup-temp-allocator-size-audio-worker=65536"
    "memorysetup-temp-allocator-size-cloud-worker=32768"
    "memorysetup-temp-allocator-size-gi-baking-worker=262144"
    "memorysetup-temp-allocator-size-gfx=262144"
Refreshing native plugins compatible for Editor in 33.39 ms, found 2 plugins.
Preloading 0 native plugins for Editor in 0.00 ms.
Initialize engine version: 2021.3.10f1 (1c7d0df0160b)
[Subsystems] Discovering subsystems at path D:/Other/Unity/2021.3.10f1/Editor/Data/Resources/UnitySubsystems
[Subsystems] Discovering subsystems at path D:/Other/Unity/omcpeake_ca1/Assets
GfxDevice: creating device client; threaded=0; jobified=0
Direct3D:
    Version:  Direct3D 11.0 [level 11.1]
    Renderer: NVIDIA GeForce RTX 2070 SUPER (ID=0x1e84)
    Vendor:   NVIDIA
    VRAM:     8011 MB
    Driver:   30.0.15.1215
Initialize mono
Mono path[0] = 'D:/Other/Unity/2021.3.10f1/Editor/Data/Managed'
Mono path[1] = 'D:/Other/Unity/2021.3.10f1/Editor/Data/MonoBleedingEdge/lib/mono/unityjit-win32'
Mono config path = 'D:/Other/Unity/2021.3.10f1/Editor/Data/MonoBleedingEdge/etc'
Using monoOptions --debugger-agent=transport=dt_socket,embedding=1,server=y,suspend=n,address=127.0.0.1:56304
Begin MonoManager ReloadAssembly
Registering precompiled unity dll's ...
Register platform support module: D:/Other/Unity/2021.3.10f1/Editor/Data/PlaybackEngines/WindowsStandaloneSupport/UnityEditor.WindowsStandalone.Extensions.dll
Registered in 0.002485 seconds.
Native extension for WindowsStandalone target not found
Refreshing native plugins compatible for Editor in 29.87 ms, found 2 plugins.
Preloading 0 native plugins for Editor in 0.00 ms.
Mono: successfully reloaded assembly
- Completed reload, in  0.536 seconds
Domain Reload Profiling:
	ReloadAssembly (537ms)
		BeginReloadAssembly (84ms)
			ExecutionOrderSort (0ms)
			DisableScriptedObjects (0ms)
			BackupInstance (0ms)
			ReleaseScriptingObjects (0ms)
			CreateAndSetChildDomain (1ms)
		EndReloadAssembly (365ms)
			LoadAssemblies (84ms)
			RebuildTransferFunctionScriptingTraits (0ms)
			SetupTypeCache (93ms)
			ReleaseScriptCaches (0ms)
			RebuildScriptCaches (25ms)
			SetupLoadedEditorAssemblies (204ms)
				LogAssemblyErrors (0ms)
				InitializePlatformSupportModulesInManaged (6ms)
				SetLoadedEditorAssemblies (0ms)
				RefreshPlugins (30ms)
				BeforeProcessingInitializeOnLoad (1ms)
				ProcessInitializeOnLoadAttributes (125ms)
				ProcessInitializeOnLoadMethodAttributes (42ms)
				AfterProcessingInitializeOnLoad (0ms)
				EditorAssembliesLoaded (0ms)
			ExecutionOrderSort2 (0ms)
			AwakeInstancesAfterBackupRestoration (0ms)
Platform modules already initialized, skipping
Registering precompiled user dll's ...
Registered in 0.003132 seconds.
Begin MonoManager ReloadAssembly
Native extension for WindowsStandalone target not found
Refreshing native plugins compatible for Editor in 0.43 ms, found 2 plugins.
Preloading 0 native plugins for Editor in 0.00 ms.
Mono: successfully reloaded assembly
- Completed reload, in  0.891 seconds
Domain Reload Profiling:
	ReloadAssembly (892ms)
		BeginReloadAssembly (113ms)
			ExecutionOrderSort (0ms)
			DisableScriptedObjects (5ms)
			BackupInstance (0ms)
			ReleaseScriptingObjects (0ms)
			CreateAndSetChildDomain (17ms)
		EndReloadAssembly (683ms)
			LoadAssemblies (89ms)
			RebuildTransferFunctionScriptingTraits (0ms)
			SetupTypeCache (172ms)
			ReleaseScriptCaches (0ms)
			RebuildScriptCaches (42ms)
			SetupLoadedEditorAssemblies (361ms)
				LogAssemblyErrors (0ms)
				InitializePlatformSupportModulesInManaged (4ms)
				SetLoadedEditorAssemblies (0ms)
				RefreshPlugins (0ms)
				BeforeProcessingInitializeOnLoad (51ms)
				ProcessInitializeOnLoadAttributes (275ms)
				ProcessInitializeOnLoadMethodAttributes (27ms)
				AfterProcessingInitializeOnLoad (3ms)
				EditorAssembliesLoaded (0ms)
			ExecutionOrderSort2 (0ms)
			AwakeInstancesAfterBackupRestoration (8ms)
Platform modules already initialized, skipping
========================================================================
Worker process is ready to serve import requests
Launched and connected shader compiler UnityShaderCompiler.exe after 0.05 seconds
Refreshing native plugins compatible for Editor in 0.37 ms, found 2 plugins.
Preloading 0 native plugins for Editor in 0.00 ms.
Unloading 2169 Unused Serialized files (Serialized files now loaded: 0)
Unloading 80 unused Assets / (106.3 KB). Loaded Objects now: 2629.
Memory consumption went from 92.1 MB to 92.0 MB.
Total: 2.779600 ms (FindLiveObjects: 0.163900 ms CreateObjectMapping: 0.087700 ms MarkObjects: 2.360600 ms  DeleteObjects: 0.166300 ms)

AssetImportParameters requested are different than current active one (requested -> active):
  custom:video-decoder-ogg-theora: a1e56fd34408186e4bbccfd4996cb3dc -> 
  custom:container-muxer-webm: aa71ff27fc2769a1b78a27578f13a17b -> 
  custom:container-demuxer-webm: 4f35f7cbe854078d1ac9338744f61a02 -> 
  custom:video-encoder-webm-vp8: eb34c28f22e8b96e1ab97ce403110664 -> 
  custom:audio-encoder-webm-vorbis: bf7c407c2cedff20999df2af8eb42d56 -> 
  custom:framework-win-MediaFoundation: 216162199b28c13a410421893ffa2e32 -> 
  custom:container-demuxer-ogg: 62fdf1f143b41e24485cea50d1cbac27 -> 
  custom:video-decoder-webm-vp8: 9c59270c3fd7afecdb556c50c9e8de78 -> 
  custom:audio-decoder-ogg-vorbis: bf7c407c2cedff20999df2af8eb42d56 -> 
========================================================================
Received Import Request.
  Time since last request: 11100.908641 seconds.
  path: Assets/Materials/map.mat
  artifactKey: Guid(c89080160584f424a9e42d95f720844d) Importer(815301076,1909f56bfc062723c751e8b465ee728b)
Start importing Assets/Materials/map.mat using Guid(c89080160584f424a9e42d95f720844d) Importer(815301076,1909f56bfc062723c751e8b465ee728b)  -> (artifact id: '37a0a0459bc144a40f372d6868aef1da') in 0.591506 seconds 
========================================================================
Received Import Request.
  Time since last request: 21.258357 seconds.
  path: Assets/Tower/Model
  artifactKey: Guid(c35de90d1a9f0f3478fc08e2cba40a32) Importer(815301076,1909f56bfc062723c751e8b465ee728b)
Start importing Assets/Tower/Model using Guid(c35de90d1a9f0f3478fc08e2cba40a32) Importer(815301076,1909f56bfc062723c751e8b465ee728b)  -> (artifact id: '0235a0906ed2705e9cf91e61fe4f243d') in 0.001137 seconds 
========================================================================
Received Import Request.
  Time since last request: 0.559826 seconds.
  path: Assets/Tower/Model/Tower Mage.FBX
  artifactKey: Guid(d052d933598dac241a51c227cfe7a313) Importer(815301076,1909f56bfc062723c751e8b465ee728b)
Start importing Assets/Tower/Model/Tower Mage.FBX using Guid(d052d933598dac241a51c227cfe7a313) Importer(815301076,1909f56bfc062723c751e8b465ee728b)  -> (artifact id: '8004bd5b26d70a65283b0dda4b8e888c') in 0.307737 seconds 
========================================================================
Received Import Request.
  Time since last request: 80.991398 seconds.
  path: Assets/Tower/Model/Tower Mage.FBX
  artifactKey: Guid(d052d933598dac241a51c227cfe7a313) Importer(815301076,1909f56bfc062723c751e8b465ee728b)
Start importing Assets/Tower/Model/Tower Mage.FBX using Guid(d052d933598dac241a51c227cfe7a313) Importer(815301076,1909f56bfc062723c751e8b465ee728b)  -> (artifact id: 'e947b79c1b6f1d515498dad2e0c965aa') in 0.073526 seconds 
========================================================================
Received Prepare
Registering precompiled user dll's ...
Registered in 0.003623 seconds.
Begin MonoManager ReloadAssembly
Native extension for WindowsStandalone target not found
Refreshing native plugins compatible for Editor in 0.44 ms, found 2 plugins.
Preloading 0 native plugins for Editor in 0.00 ms.
Warning: Annotation not found!
UnityEngine.StackTraceUtility:ExtractStackTrace ()
UnityEditor.ProBuilder.EditorUtility:SetGizmoIconEnabled (System.Type,bool) (at Library/PackageCache/com.unity.probuilder@5.0.3/Editor/EditorCore/EditorUtility.cs:575)
UnityEditor.ProBuilder.HierarchyListener:.cctor () (at Library/PackageCache/com.unity.probuilder@5.0.3/Editor/EditorCore/HierarchyListener.cs:21)
System.Runtime.CompilerServices.RuntimeHelpers:RunClassConstructor (System.RuntimeTypeHandle)
UnityEditor.EditorAssemblies:ProcessInitializeOnLoadAttributes (System.Type[])

[Library/PackageCache/com.unity.probuilder@5.0.3/Editor/EditorCore/EditorUtility.cs line 575]

Mono: successfully reloaded assembly
- Completed reload, in  0.823 seconds
Domain Reload Profiling:
	ReloadAssembly (824ms)
		BeginReloadAssembly (146ms)
			ExecutionOrderSort (0ms)
			DisableScriptedObjects (4ms)
			BackupInstance (0ms)
			ReleaseScriptingObjects (0ms)
			CreateAndSetChildDomain (26ms)
		EndReloadAssembly (594ms)
			LoadAssemblies (105ms)
			RebuildTransferFunctionScriptingTraits (0ms)
			SetupTypeCache (164ms)
			ReleaseScriptCaches (1ms)
			RebuildScriptCaches (35ms)
			SetupLoadedEditorAssemblies (290ms)
				LogAssemblyErrors (0ms)
				InitializePlatformSupportModulesInManaged (10ms)
				SetLoadedEditorAssemblies (0ms)
				RefreshPlugins (1ms)
				BeforeProcessingInitializeOnLoad (42ms)
				ProcessInitializeOnLoadAttributes (206ms)
				ProcessInitializeOnLoadMethodAttributes (27ms)
				AfterProcessingInitializeOnLoad (4ms)
				EditorAssembliesLoaded (0ms)
			ExecutionOrderSort2 (0ms)
			AwakeInstancesAfterBackupRestoration (9ms)
Platform modules already initialized, skipping
Refreshing native plugins compatible for Editor in 1.09 ms, found 2 plugins.
Preloading 0 native plugins for Editor in 0.00 ms.
Unloading 2137 Unused Serialized files (Serialized files now loaded: 0)
Unloading 13 unused Assets / (80.3 KB). Loaded Objects now: 2678.
Memory consumption went from 93.8 MB to 93.7 MB.
Total: 2.601000 ms (FindLiveObjects: 0.169600 ms CreateObjectMapping: 0.075600 ms MarkObjects: 2.273300 ms  DeleteObjects: 0.081400 ms)

AssetImportParameters requested are different than current active one (requested -> active):
  custom:video-decoder-ogg-theora: a1e56fd34408186e4bbccfd4996cb3dc -> 
  custom:container-muxer-webm: aa71ff27fc2769a1b78a27578f13a17b -> 
  custom:container-demuxer-webm: 4f35f7cbe854078d1ac9338744f61a02 -> 
  custom:video-encoder-webm-vp8: eb34c28f22e8b96e1ab97ce403110664 -> 
  custom:audio-encoder-webm-vorbis: bf7c407c2cedff20999df2af8eb42d56 -> 
  custom:framework-win-MediaFoundation: 216162199b28c13a410421893ffa2e32 -> 
  custom:container-demuxer-ogg: 62fdf1f143b41e24485cea50d1cbac27 -> 
  custom:video-decoder-webm-vp8: 9c59270c3fd7afecdb556c50c9e8de78 -> 
  custom:audio-decoder-ogg-vorbis: bf7c407c2cedff20999df2af8eb42d56 -> 
========================================================================
Received Import Request.
  Time since last request: 123.844588 seconds.
  path: Assets/StoneKeep/Prefabs
  artifactKey: Guid(7e9137c47979bb643b1ff1a718b803c1) Importer(815301076,1909f56bfc062723c751e8b465ee728b)
Start importing Assets/StoneKeep/Prefabs using Guid(7e9137c47979bb643b1ff1a718b803c1) Importer(815301076,1909f56bfc062723c751e8b465ee728b)  -> (artifact id: '3506abfbaa217bc48e18d1afb09aa8e0') in 0.181910 seconds 
========================================================================
Received Import Request.
  Time since last request: 0.327853 seconds.
  path: Assets/StoneKeep/Meshes
  artifactKey: Guid(35525ef4e0c2d4844abd93d1aec74331) Importer(815301076,1909f56bfc062723c751e8b465ee728b)
Start importing Assets/StoneKeep/Meshes using Guid(35525ef4e0c2d4844abd93d1aec74331) Importer(815301076,1909f56bfc062723c751e8b465ee728b)  -> (artifact id: 'c83647bff6f194d342eb9272190cc55d') in 0.001523 seconds 
========================================================================
Received Import Request.
  Time since last request: 3.542610 seconds.
  path: Assets/StoneKeep/Meshes/Banner_a.fbx
  artifactKey: Guid(32a76ce810dead94fab542c627ad025b) Importer(815301076,1909f56bfc062723c751e8b465ee728b)
Start importing Assets/StoneKeep/Meshes/Banner_a.fbx using Guid(32a76ce810dead94fab542c627ad025b) Importer(815301076,1909f56bfc062723c751e8b465ee728b)  -> (artifact id: '70aab03740ce01934b98efb346a78429') in 0.347744 seconds 
========================================================================
Received Import Request.
  Time since last request: 0.000017 seconds.
  path: Assets/StoneKeep/Meshes/Banner_d.fbx
  artifactKey: Guid(d9d0341d58501414785a48430e9a51a9) Importer(815301076,1909f56bfc062723c751e8b465ee728b)
Start importing Assets/StoneKeep/Meshes/Banner_d.fbx using Guid(d9d0341d58501414785a48430e9a51a9) Importer(815301076,1909f56bfc062723c751e8b465ee728b)  -> (artifact id: '519316c68072c373b9bd1457786f7b34') in 0.015090 seconds 
========================================================================
Received Import Request.
  Time since last request: 0.000023 seconds.
  path: Assets/StoneKeep/Meshes/Wall_c_i.fbx
  artifactKey: Guid(e8e545aa66ac79f448b2dc2a9bb660e2) Importer(815301076,1909f56bfc062723c751e8b465ee728b)
Start importing Assets/StoneKeep/Meshes/Wall_c_i.fbx using Guid(e8e545aa66ac79f448b2dc2a9bb660e2) Importer(815301076,1909f56bfc062723c751e8b465ee728b)  -> (artifact id: 'fc52e1cc6736461744ddf3e8c1455c85') in 0.011000 seconds 
========================================================================
Received Import Request.
  Time since last request: 0.000015 seconds.
  path: Assets/StoneKeep/Meshes/Tower_d.fbx
  artifactKey: Guid(3fd18d427bea12b4c92ae8772e5cbb78) Importer(815301076,1909f56bfc062723c751e8b465ee728b)
Start importing Assets/StoneKeep/Meshes/Tower_d.fbx using Guid(3fd18d427bea12b4c92ae8772e5cbb78) Importer(815301076,1909f56bfc062723c751e8b465ee728b)  -> (artifact id: '98ce38137e214f8c54413881a0922f80') in 0.009743 seconds 
========================================================================
Received Import Request.
  Time since last request: 0.000016 seconds.
  path: Assets/StoneKeep/Meshes/Wall_d_i.fbx
  artifactKey: Guid(09326ab9e3a5d7e4a98880cd625f62f2) Importer(815301076,1909f56bfc062723c751e8b465ee728b)
Start importing Assets/StoneKeep/Meshes/Wall_d_i.fbx using Guid(09326ab9e3a5d7e4a98880cd625f62f2) Importer(815301076,1909f56bfc062723c751e8b465ee728b)  -> (artifact id: '562b0da73aa074cd2ce58ff8f1f145b0') in 0.026818 seconds 
========================================================================
Received Import Request.
  Time since last request: 0.000023 seconds.
  path: Assets/StoneKeep/Meshes/Door_a.fbx
  artifactKey: Guid(65a0407a5c5bb9c49aa2a0678e774d07) Importer(815301076,1909f56bfc062723c751e8b465ee728b)
Start importing Assets/StoneKeep/Meshes/Door_a.fbx using Guid(65a0407a5c5bb9c49aa2a0678e774d07) Importer(815301076,1909f56bfc062723c751e8b465ee728b)  -> (artifact id: '50705b5c3f8123bb7dfb991013e89c58') in 0.010263 seconds 
========================================================================
Received Import Request.
  Time since last request: 0.000017 seconds.
  path: Assets/StoneKeep/Meshes/Top_a.fbx
  artifactKey: Guid(6f5b2475c4894264b9c7e6dbffcdc69e) Importer(815301076,1909f56bfc062723c751e8b465ee728b)
Start importing Assets/StoneKeep/Meshes/Top_a.fbx using Guid(6f5b2475c4894264b9c7e6dbffcdc69e) Importer(815301076,1909f56bfc062723c751e8b465ee728b)  -> (artifact id: 'fdf7206e7e1978bfd9e64114dc9438f4') in 0.010477 seconds 
========================================================================
Received Import Request.
  Time since last request: 0.000015 seconds.
  path: Assets/StoneKeep/Meshes/Entrance_mesh.fbx
  artifactKey: Guid(f02a4f10fe52c904192d576028a0d0b5) Importer(815301076,1909f56bfc062723c751e8b465ee728b)
Start importing Assets/StoneKeep/Meshes/Entrance_mesh.fbx using Guid(f02a4f10fe52c904192d576028a0d0b5) Importer(815301076,1909f56bfc062723c751e8b465ee728b)  -> (artifact id: 'e80b5ecf363df31c7b835ea34abca2a5') in 0.020449 seconds 
========================================================================
Received Import Request.
  Time since last request: 0.000014 seconds.
  path: Assets/StoneKeep/Meshes/Stairs_spiral_b.fbx
  artifactKey: Guid(a821a2712e1af2c4ea16087bc156f2e1) Importer(815301076,1909f56bfc062723c751e8b465ee728b)
Start importing Assets/StoneKeep/Meshes/Stairs_spiral_b.fbx using Guid(a821a2712e1af2c4ea16087bc156f2e1) Importer(815301076,1909f56bfc062723c751e8b465ee728b)  -> (artifact id: 'd3dc1421c38c5ea471b40a27434adbeb') in 0.009952 seconds 
========================================================================
Received Import Request.
  Time since last request: 0.000017 seconds.
  path: Assets/StoneKeep/Meshes/Wall_b.fbx
  artifactKey: Guid(0c22367a25389334f8cf710b6d174a58) Importer(815301076,1909f56bfc062723c751e8b465ee728b)
Start importing Assets/StoneKeep/Meshes/Wall_b.fbx using Guid(0c22367a25389334f8cf710b6d174a58) Importer(815301076,1909f56bfc062723c751e8b465ee728b)  -> (artifact id: '8047ca6b1914b5f714fd7e635f99c89b') in 0.051415 seconds 
========================================================================
Received Import Request.
  Time since last request: 0.000014 seconds.
  path: Assets/StoneKeep/Meshes/Gravel_base_c.fbx
  artifactKey: Guid(77a2e6f2d87227a4ab67c23e4034f06b) Importer(815301076,1909f56bfc062723c751e8b465ee728b)
Start importing Assets/StoneKeep/Meshes/Gravel_base_c.fbx using Guid(77a2e6f2d87227a4ab67c23e4034f06b) Importer(815301076,1909f56bfc062723c751e8b465ee728b)  -> (artifact id: 'e019ebff62817a35a8242425b7d89432') in 0.009827 seconds 
========================================================================
Received Import Request.
  Time since last request: 0.000019 seconds.
  path: Assets/StoneKeep/Meshes/Window.fbx
  artifactKey: Guid(ace2147384d68ce438f4e032ef9c28a3) Importer(815301076,1909f56bfc062723c751e8b465ee728b)
Start importing Assets/StoneKeep/Meshes/Window.fbx using Guid(ace2147384d68ce438f4e032ef9c28a3) Importer(815301076,1909f56bfc062723c751e8b465ee728b)  -> (artifact id: '608e6dcc91d71e2390271c4010929bd5') in 0.010241 seconds 
========================================================================
Received Import Request.
  Time since last request: 0.000014 seconds.
  path: Assets/StoneKeep/Meshes/Rubble.fbx
  artifactKey: Guid(6459610cd0b3d3244ae75ea122df7e00) Importer(815301076,1909f56bfc062723c751e8b465ee728b)
Start importing Assets/StoneKeep/Meshes/Rubble.fbx using Guid(6459610cd0b3d3244ae75ea122df7e00) Importer(815301076,1909f56bfc062723c751e8b465ee728b)  -> (artifact id: '1759a11b005769c69e69380ffa0bd8c6') in 0.010198 seconds 
========================================================================
Received Import Request.
  Time since last request: 0.000015 seconds.
  path: Assets/StoneKeep/Meshes/Wall_b_i.fbx
  artifactKey: Guid(a337cea063f3931408641406c4616c55) Importer(815301076,1909f56bfc062723c751e8b465ee728b)
Start importing Assets/StoneKeep/Meshes/Wall_b_i.fbx using Guid(a337cea063f3931408641406c4616c55) Importer(815301076,1909f56bfc062723c751e8b465ee728b)  -> (artifact id: '95f6a3e9e9d4a4f4441397242070e343') in 0.010261 seconds 
========================================================================
Received Import Request.
  Time since last request: 0.000024 seconds.
  path: Assets/StoneKeep/Meshes/Wall_c.fbx
  artifactKey: Guid(efe6efa09ac16af4d8d716a4f7ea9a56) Importer(815301076,1909f56bfc062723c751e8b465ee728b)
Start importing Assets/StoneKeep/Meshes/Wall_c.fbx using Guid(efe6efa09ac16af4d8d716a4f7ea9a56) Importer(815301076,1909f56bfc062723c751e8b465ee728b)  -> (artifact id: 'c3e34ddac2f9b247e68d979e34d893c8') in 0.010054 seconds 
========================================================================
Received Import Request.
  Time since last request: 0.000020 seconds.
  path: Assets/StoneKeep/Meshes/Wall_f_i.fbx
  artifactKey: Guid(4b6739299cddc0343be014b04ef9cb41) Importer(815301076,1909f56bfc062723c751e8b465ee728b)
Start importing Assets/StoneKeep/Meshes/Wall_f_i.fbx using Guid(4b6739299cddc0343be014b04ef9cb41) Importer(815301076,1909f56bfc062723c751e8b465ee728b)  -> (artifact id: '00fcb8970fddf34959027836170c3ebb') in 0.009649 seconds 
========================================================================
Received Import Request.
  Time since last request: 0.000016 seconds.
  path: Assets/StoneKeep/Meshes/Door_b.fbx
  artifactKey: Guid(eae946e9e4de83b479a8ea8e031c0c68) Importer(815301076,1909f56bfc062723c751e8b465ee728b)
Start importing Assets/StoneKeep/Meshes/Door_b.fbx using Guid(eae946e9e4de83b479a8ea8e031c0c68) Importer(815301076,1909f56bfc062723c751e8b465ee728b)  -> (artifact id: '563dc16973dbd84aff506278e938a2be') in 0.009377 seconds 
========================================================================
Received Import Request.
  Time since last request: 0.000015 seconds.
  path: Assets/StoneKeep/Meshes/Wall_a_ii.fbx
  artifactKey: Guid(1dfc56d872d7cff4a917f33159e41ceb) Importer(815301076,1909f56bfc062723c751e8b465ee728b)
Start importing Assets/StoneKeep/Meshes/Wall_a_ii.fbx using Guid(1dfc56d872d7cff4a917f33159e41ceb) Importer(815301076,1909f56bfc062723c751e8b465ee728b)  -> (artifact id: '84c73cc4b98058102aa28303cff63e53') in 0.010997 seconds 
========================================================================
Received Import Request.
  Time since last request: 0.000016 seconds.
  path: Assets/StoneKeep/Meshes/Wall_a_i.fbx
  artifactKey: Guid(fe8e6982cc08ebb4981305e803ce8b2a) Importer(815301076,1909f56bfc062723c751e8b465ee728b)
Start importing Assets/StoneKeep/Meshes/Wall_a_i.fbx using Guid(fe8e6982cc08ebb4981305e803ce8b2a) Importer(815301076,1909f56bfc062723c751e8b465ee728b)  -> (artifact id: '69dffeab7963b46de1f3171afdcff8c5') in 0.009748 seconds 
========================================================================
Received Import Request.
  Time since last request: 0.000016 seconds.
  path: Assets/StoneKeep/Meshes/Tower_e.fbx
  artifactKey: Guid(484bd7d484d672d4e913a9e7ceeb8518) Importer(815301076,1909f56bfc062723c751e8b465ee728b)
Start importing Assets/StoneKeep/Meshes/Tower_e.fbx using Guid(484bd7d484d672d4e913a9e7ceeb8518) Importer(815301076,1909f56bfc062723c751e8b465ee728b)  -> (artifact id: 'f1f2940289c285e453600899143c5508') in 0.009603 seconds 
========================================================================
Received Import Request.
  Time since last request: 0.000016 seconds.
  path: Assets/StoneKeep/Meshes/Entrance.fbx
  artifactKey: Guid(f3eb0a79c2eb7cc49b4d052bf10bfb49) Importer(815301076,1909f56bfc062723c751e8b465ee728b)
Start importing Assets/StoneKeep/Meshes/Entrance.fbx using Guid(f3eb0a79c2eb7cc49b4d052bf10bfb49) Importer(815301076,1909f56bfc062723c751e8b465ee728b)  -> (artifact id: '7a4306955937673113e47f268b7779ff') in 0.010051 seconds 
========================================================================
Received Import Request.
  Time since last request: 0.000014 seconds.
  path: Assets/StoneKeep/Meshes/Stairs.fbx
  artifactKey: Guid(b96a6f09af2ab1e44b5923ab58bacf9e) Importer(815301076,1909f56bfc062723c751e8b465ee728b)
Start importing Assets/StoneKeep/Meshes/Stairs.fbx using Guid(b96a6f09af2ab1e44b5923ab58bacf9e) Importer(815301076,1909f56bfc062723c751e8b465ee728b)  -> (artifact id: '8b05c521e90948a9994c735dc5c3bb12') in 0.010060 seconds 
========================================================================
Received Import Request.
  Time since last request: 0.000029 seconds.
  path: Assets/StoneKeep/Meshes/Wood_a.fbx
  artifactKey: Guid(5c6dd596e11714845a77d32991d36137) Importer(815301076,1909f56bfc062723c751e8b465ee728b)
Start importing Assets/StoneKeep/Meshes/Wood_a.fbx using Guid(5c6dd596e11714845a77d32991d36137) Importer(815301076,1909f56bfc062723c751e8b465ee728b)  -> (artifact id: '273070f01821e0d385f8f514dc647595') in 0.009727 seconds 
========================================================================
Received Import Request.
  Time since last request: 0.000019 seconds.
  path: Assets/StoneKeep/Meshes/Stairs_spiral_c_mesh.fbx
  artifactKey: Guid(c15fa267f5d94954ead5a6fd716563df) Importer(815301076,1909f56bfc062723c751e8b465ee728b)
Start importing Assets/StoneKeep/Meshes/Stairs_spiral_c_mesh.fbx using Guid(c15fa267f5d94954ead5a6fd716563df) Importer(815301076,1909f56bfc062723c751e8b465ee728b)  -> (artifact id: '3627b685946b9d735aaaebcdb18e57b6') in 0.009526 seconds 
========================================================================
Received Import Request.
  Time since last request: 0.000014 seconds.
  path: Assets/StoneKeep/Meshes/Tower_c.fbx
  artifactKey: Guid(750f6cd7a5d8d0347b8d0939b9836e1c) Importer(815301076,1909f56bfc062723c751e8b465ee728b)
Start importing Assets/StoneKeep/Meshes/Tower_c.fbx using Guid(750f6cd7a5d8d0347b8d0939b9836e1c) Importer(815301076,1909f56bfc062723c751e8b465ee728b)  -> (artifact id: '982807596c21e11473fe2e45d1e1996f') in 0.009500 seconds 
========================================================================
Received Import Request.
  Time since last request: 0.000017 seconds.
  path: Assets/StoneKeep/Meshes/Door_b_mesh.fbx
  artifactKey: Guid(e2d8edfe3f54e5649a57030a31ab6359) Importer(815301076,1909f56bfc062723c751e8b465ee728b)
Start importing Assets/StoneKeep/Meshes/Door_b_mesh.fbx using Guid(e2d8edfe3f54e5649a57030a31ab6359) Importer(815301076,1909f56bfc062723c751e8b465ee728b)  -> (artifact id: 'd56f2c835cc0239398224fbbd84c53df') in 0.009589 seconds 
========================================================================
Received Import Request.
  Time since last request: 0.000016 seconds.
  path: Assets/StoneKeep/Meshes/Floor_stairs_f.fbx
  artifactKey: Guid(d82c1b8d579815046873c54d140a4d3e) Importer(815301076,1909f56bfc062723c751e8b465ee728b)
Start importing Assets/StoneKeep/Meshes/Floor_stairs_f.fbx using Guid(d82c1b8d579815046873c54d140a4d3e) Importer(815301076,1909f56bfc062723c751e8b465ee728b)  -> (artifact id: '569a0d562f0304c429f99ba7242d5885') in 0.009160 seconds 
========================================================================
Received Import Request.
  Time since last request: 0.000014 seconds.
  path: Assets/StoneKeep/Meshes/Stairs_spiral_d_mesh.fbx
  artifactKey: Guid(4b7c8e0e717efb343953e4a611dfcf67) Importer(815301076,1909f56bfc062723c751e8b465ee728b)
Start importing Assets/StoneKeep/Meshes/Stairs_spiral_d_mesh.fbx using Guid(4b7c8e0e717efb343953e4a611dfcf67) Importer(815301076,1909f56bfc062723c751e8b465ee728b)  -> (artifact id: '80488a61ec6562f00279d7160e0b75c2') in 0.009996 seconds 
========================================================================
Received Import Request.
  Time since last request: 0.000018 seconds.
  path: Assets/StoneKeep/Meshes/Floor_stairs_e.fbx
  artifactKey: Guid(a62130c3df105834cafbc7c8c5ee3f1f) Importer(815301076,1909f56bfc062723c751e8b465ee728b)
Start importing Assets/StoneKeep/Meshes/Floor_stairs_e.fbx using Guid(a62130c3df105834cafbc7c8c5ee3f1f) Importer(815301076,1909f56bfc062723c751e8b465ee728b)  -> (artifact id: '4192701f1c204c5a1623af13f6c9749f') in 0.010003 seconds 
========================================================================
Received Import Request.
  Time since last request: 0.000015 seconds.
  path: Assets/StoneKeep/Meshes/Stairs_spiral_c.fbx
  artifactKey: Guid(19261079803e12d4b8ec7cadffc19399) Importer(815301076,1909f56bfc062723c751e8b465ee728b)
Start importing Assets/StoneKeep/Meshes/Stairs_spiral_c.fbx using Guid(19261079803e12d4b8ec7cadffc19399) Importer(815301076,1909f56bfc062723c751e8b465ee728b)  -> (artifact id: '2707d5949837f2e92cf7757a8251a6db') in 0.009408 seconds 
========================================================================
Received Import Request.
  Time since last request: 0.000015 seconds.
  path: Assets/StoneKeep/Meshes/Wall_d.fbx
  artifactKey: Guid(386ddfa766e7c2f43800b146279644cf) Importer(815301076,1909f56bfc062723c751e8b465ee728b)
Start importing Assets/StoneKeep/Meshes/Wall_d.fbx using Guid(386ddfa766e7c2f43800b146279644cf) Importer(815301076,1909f56bfc062723c751e8b465ee728b)  -> (artifact id: '1417172880b6edaf9e1cf8111898e5a2') in 0.009605 seconds 
========================================================================
Received Import Request.
  Time since last request: 0.000020 seconds.
  path: Assets/StoneKeep/Meshes/Wall_a.fbx
  artifactKey: Guid(32b72615acfbaf94cb393d2eddabf494) Importer(815301076,1909f56bfc062723c751e8b465ee728b)
Start importing Assets/StoneKeep/Meshes/Wall_a.fbx using Guid(32b72615acfbaf94cb393d2eddabf494) Importer(815301076,1909f56bfc062723c751e8b465ee728b)  -> (artifact id: '299172fe3bf6cd414667cc872a71a669') in 0.009424 seconds 
========================================================================
Received Import Request.
  Time since last request: 1.945660 seconds.
  path: Assets/StoneKeep/Meshes/Materials
  artifactKey: Guid(a3ae47e260622d74e93a7dfd788a5cdd) Importer(815301076,1909f56bfc062723c751e8b465ee728b)
Start importing Assets/StoneKeep/Meshes/Materials using Guid(a3ae47e260622d74e93a7dfd788a5cdd) Importer(815301076,1909f56bfc062723c751e8b465ee728b)  -> (artifact id: '75f0df44ccebee3c6b331665905d210b') in 0.009901 seconds 
========================================================================
Received Import Request.
  Time since last request: 0.746681 seconds.
  path: Assets/StoneKeep/Prefabs/Banner_a.prefab
  artifactKey: Guid(de736aa6a228a174d99b2b99ed036fe2) Importer(815301076,1909f56bfc062723c751e8b465ee728b)
Start importing Assets/StoneKeep/Prefabs/Banner_a.prefab using Guid(de736aa6a228a174d99b2b99ed036fe2) Importer(815301076,1909f56bfc062723c751e8b465ee728b)  -> (artifact id: 'a704d25e638363c82a1f28b659398eb5') in 0.243470 seconds 
========================================================================
Received Import Request.
  Time since last request: 0.000032 seconds.
  path: Assets/StoneKeep/Prefabs/Floor_stairs_b.prefab
  artifactKey: Guid(3f05f74ab564a9c428736879b4ba45d9) Importer(815301076,1909f56bfc062723c751e8b465ee728b)
Start importing Assets/StoneKeep/Prefabs/Floor_stairs_b.prefab using Guid(3f05f74ab564a9c428736879b4ba45d9) Importer(815301076,1909f56bfc062723c751e8b465ee728b)  -> (artifact id: '979761d870ebd639517ef9eb5525cfe8') in 0.012985 seconds 
========================================================================
Received Import Request.
  Time since last request: 0.000019 seconds.
  path: Assets/StoneKeep/Prefabs/Window_roof.prefab
  artifactKey: Guid(c2c6b5ed11aed63429e0c0a111c9f738) Importer(815301076,1909f56bfc062723c751e8b465ee728b)
Start importing Assets/StoneKeep/Prefabs/Window_roof.prefab using Guid(c2c6b5ed11aed63429e0c0a111c9f738) Importer(815301076,1909f56bfc062723c751e8b465ee728b)  -> (artifact id: '2b72f665f705118aa216360aa2e25d99') in 0.014035 seconds 
========================================================================
Received Import Request.
  Time since last request: 0.000018 seconds.
  path: Assets/StoneKeep/Prefabs/Entrance_b.prefab
  artifactKey: Guid(6674d76396c612b4f8ef99c04bbc2cc9) Importer(815301076,1909f56bfc062723c751e8b465ee728b)
Start importing Assets/StoneKeep/Prefabs/Entrance_b.prefab using Guid(6674d76396c612b4f8ef99c04bbc2cc9) Importer(815301076,1909f56bfc062723c751e8b465ee728b)  -> (artifact id: 'ddc501304dcfba95d7885ad1409750ae') in 0.014431 seconds 
========================================================================
Received Import Request.
  Time since last request: 0.000015 seconds.
  path: Assets/StoneKeep/Prefabs/Door_a.prefab
  artifactKey: Guid(7757f249db3950e41bb0ccb7f62eb277) Importer(815301076,1909f56bfc062723c751e8b465ee728b)
Start importing Assets/StoneKeep/Prefabs/Door_a.prefab using Guid(7757f249db3950e41bb0ccb7f62eb277) Importer(815301076,1909f56bfc062723c751e8b465ee728b)  -> (artifact id: '137385be60e6ddeeea38bd3b4dbd9f5c') in 0.012171 seconds 
========================================================================
Received Import Request.
  Time since last request: 0.000014 seconds.
  path: Assets/StoneKeep/Prefabs/Banner_c.prefab
  artifactKey: Guid(ff6be811c1612084d9b0ca42f5e3247b) Importer(815301076,1909f56bfc062723c751e8b465ee728b)
Start importing Assets/StoneKeep/Prefabs/Banner_c.prefab using Guid(ff6be811c1612084d9b0ca42f5e3247b) Importer(815301076,1909f56bfc062723c751e8b465ee728b)  -> (artifact id: 'c218ac1a3ea91e29f5500931edde3577') in 0.010838 seconds 
========================================================================
Received Import Request.
  Time since last request: 0.000015 seconds.
  path: Assets/StoneKeep/Prefabs/Wall_f_i.prefab
  artifactKey: Guid(4fec1864fb863744fb93bdc41424a875) Importer(815301076,1909f56bfc062723c751e8b465ee728b)
Start importing Assets/StoneKeep/Prefabs/Wall_f_i.prefab using Guid(4fec1864fb863744fb93bdc41424a875) Importer(815301076,1909f56bfc062723c751e8b465ee728b)  -> (artifact id: '00fad87423e65727a4ed6b1220c7eeff') in 0.010731 seconds 
========================================================================
Received Import Request.
  Time since last request: 0.000021 seconds.
  path: Assets/StoneKeep/Prefabs/Wall_c_i.prefab
  artifactKey: Guid(7a4fbc2928e54c4439044952965ee5ca) Importer(815301076,1909f56bfc062723c751e8b465ee728b)
Start importing Assets/StoneKeep/Prefabs/Wall_c_i.prefab using Guid(7a4fbc2928e54c4439044952965ee5ca) Importer(815301076,1909f56bfc062723c751e8b465ee728b)  -> (artifact id: '36d4b6388edcbb351eafb424a9c9a7ef') in 0.010362 seconds 
========================================================================
Received Import Request.
  Time since last request: 0.000019 seconds.
  path: Assets/StoneKeep/Prefabs/Stairs_spiral_b.prefab
  artifactKey: Guid(e2fd4cd692cb81d42a68a6b00c17ff72) Importer(815301076,1909f56bfc062723c751e8b465ee728b)
Start importing Assets/StoneKeep/Prefabs/Stairs_spiral_b.prefab using Guid(e2fd4cd692cb81d42a68a6b00c17ff72) Importer(815301076,1909f56bfc062723c751e8b465ee728b)  -> (artifact id: 'd88ce7fae1acda36cabfd624f1824b63') in 0.012703 seconds 
========================================================================
Received Import Request.
  Time since last request: 0.000017 seconds.
  path: Assets/StoneKeep/Prefabs/Door_b.prefab
  artifactKey: Guid(7075e13e2dcf1b54aa6664b8625b9dfe) Importer(815301076,1909f56bfc062723c751e8b465ee728b)
Start importing Assets/StoneKeep/Prefabs/Door_b.prefab using Guid(7075e13e2dcf1b54aa6664b8625b9dfe) Importer(815301076,1909f56bfc062723c751e8b465ee728b)  -> (artifact id: 'aac979d71e7f6300dc55b48ca29c545a') in 0.009315 seconds 
========================================================================
Received Import Request.
  Time since last request: 0.000017 seconds.
  path: Assets/StoneKeep/Prefabs/Wall_c.prefab
  artifactKey: Guid(0979b1940f90ad84990fc317c3e64e57) Importer(815301076,1909f56bfc062723c751e8b465ee728b)
Start importing Assets/StoneKeep/Prefabs/Wall_c.prefab using Guid(0979b1940f90ad84990fc317c3e64e57) Importer(815301076,1909f56bfc062723c751e8b465ee728b)  -> (artifact id: '5d041fba5e8fe7e4582b783998f6be5e') in 0.010730 seconds 
========================================================================
Received Import Request.
  Time since last request: 0.000015 seconds.
  path: Assets/StoneKeep/Prefabs/Floor_stairs_c.prefab
  artifactKey: Guid(b1336b3247a1df647b4b289180b97bd6) Importer(815301076,1909f56bfc062723c751e8b465ee728b)
Start importing Assets/StoneKeep/Prefabs/Floor_stairs_c.prefab using Guid(b1336b3247a1df647b4b289180b97bd6) Importer(815301076,1909f56bfc062723c751e8b465ee728b)  -> (artifact id: '9901686843a0576c250b8c311022d95c') in 0.009268 seconds 
========================================================================
Received Import Request.
  Time since last request: 0.000014 seconds.
  path: Assets/StoneKeep/Prefabs/Top_a.prefab
  artifactKey: Guid(c3dde025de9d13848819a29f2acc8b5b) Importer(815301076,1909f56bfc062723c751e8b465ee728b)
Start importing Assets/StoneKeep/Prefabs/Top_a.prefab using Guid(c3dde025de9d13848819a29f2acc8b5b) Importer(815301076,1909f56bfc062723c751e8b465ee728b)  -> (artifact id: 'fccc3b8ed4d72cca0ed419ef079f5596') in 0.010696 seconds 
========================================================================
Received Import Request.
  Time since last request: 0.000122 seconds.
  path: Assets/StoneKeep/Prefabs/Wall_d.prefab
  artifactKey: Guid(98ff43b4cfffbf34a9c73480e1976188) Importer(815301076,1909f56bfc062723c751e8b465ee728b)
Start importing Assets/StoneKeep/Prefabs/Wall_d.prefab using Guid(98ff43b4cfffbf34a9c73480e1976188) Importer(815301076,1909f56bfc062723c751e8b465ee728b)  -> (artifact id: '027a8533f66d83d82dc42ae03a7f0e86') in 0.010390 seconds 
========================================================================
Received Import Request.
  Time since last request: 0.000018 seconds.
  path: Assets/StoneKeep/Prefabs/Gravel_base.prefab
  artifactKey: Guid(74fb9bf8df8c59f489058a58a1400efc) Importer(815301076,1909f56bfc062723c751e8b465ee728b)
Start importing Assets/StoneKeep/Prefabs/Gravel_base.prefab using Guid(74fb9bf8df8c59f489058a58a1400efc) Importer(815301076,1909f56bfc062723c751e8b465ee728b)  -> (artifact id: 'cf42d2c245ef91560cc456c9b3887cdf') in 0.011323 seconds 
========================================================================
Received Import Request.
  Time since last request: 0.000015 seconds.
  path: Assets/StoneKeep/Prefabs/Stairs_spiral_c.prefab
  artifactKey: Guid(660d203295f34a34c8b7072765fddfe7) Importer(815301076,1909f56bfc062723c751e8b465ee728b)
Start importing Assets/StoneKeep/Prefabs/Stairs_spiral_c.prefab using Guid(660d203295f34a34c8b7072765fddfe7) Importer(815301076,1909f56bfc062723c751e8b465ee728b)  -> (artifact id: '88302b51ccc918fef44e28c754de10e1') in 0.018668 seconds 
========================================================================
Received Import Request.
  Time since last request: 0.000015 seconds.
  path: Assets/StoneKeep/Prefabs/Wall_a_iii.prefab
  artifactKey: Guid(f6eab651f95edbf4d948a32d6b351002) Importer(815301076,1909f56bfc062723c751e8b465ee728b)
Start importing Assets/StoneKeep/Prefabs/Wall_a_iii.prefab using Guid(f6eab651f95edbf4d948a32d6b351002) Importer(815301076,1909f56bfc062723c751e8b465ee728b)  -> (artifact id: 'dee429454222f1dfbac6da3d12c787af') in 0.010347 seconds 
========================================================================
Received Import Request.
  Time since last request: 0.000017 seconds.
  path: Assets/StoneKeep/Prefabs/Entrance_a.prefab
  artifactKey: Guid(737a8ad9265f9a746af05bea591ef77a) Importer(815301076,1909f56bfc062723c751e8b465ee728b)
Start importing Assets/StoneKeep/Prefabs/Entrance_a.prefab using Guid(737a8ad9265f9a746af05bea591ef77a) Importer(815301076,1909f56bfc062723c751e8b465ee728b)  -> (artifact id: '0c8940b3ae51d40583c3a67d2549b476') in 0.008171 seconds 
========================================================================
Received Import Request.
  Time since last request: 0.000026 seconds.
  path: Assets/StoneKeep/Prefabs/Wall_d_i.prefab
  artifactKey: Guid(869bfcd3711d81c4b91357c990e9b88c) Importer(815301076,1909f56bfc062723c751e8b465ee728b)
Start importing Assets/StoneKeep/Prefabs/Wall_d_i.prefab using Guid(869bfcd3711d81c4b91357c990e9b88c) Importer(815301076,1909f56bfc062723c751e8b465ee728b)  -> (artifact id: 'd046653230192555e4518212c864f392') in 0.007960 seconds 
========================================================================
Received Import Request.
  Time since last request: 0.000020 seconds.
  path: Assets/StoneKeep/Prefabs/Tower_c.prefab
  artifactKey: Guid(07bddb1691bfb5445939a90e5f7cb313) Importer(815301076,1909f56bfc062723c751e8b465ee728b)
Start importing Assets/StoneKeep/Prefabs/Tower_c.prefab using Guid(07bddb1691bfb5445939a90e5f7cb313) Importer(815301076,1909f56bfc062723c751e8b465ee728b)  -> (artifact id: '32cf407b4d15631c3066c77bb4d32a3c') in 0.007327 seconds 
========================================================================
Received Import Request.
  Time since last request: 0.000022 seconds.
  path: Assets/StoneKeep/Prefabs/Tower_a.prefab
  artifactKey: Guid(f73fae749efc8124aafa10e5d7d63133) Importer(815301076,1909f56bfc062723c751e8b465ee728b)
Start importing Assets/StoneKeep/Prefabs/Tower_a.prefab using Guid(f73fae749efc8124aafa10e5d7d63133) Importer(815301076,1909f56bfc062723c751e8b465ee728b)  -> (artifact id: '894f7385e3a190589da52b658b915cb1') in 0.008018 seconds 
========================================================================
Received Import Request.
  Time since last request: 0.000021 seconds.
  path: Assets/StoneKeep/Prefabs/Wood_spikes.prefab
  artifactKey: Guid(591db76eb01361c498061a9cb852f085) Importer(815301076,1909f56bfc062723c751e8b465ee728b)
Start importing Assets/StoneKeep/Prefabs/Wood_spikes.prefab using Guid(591db76eb01361c498061a9cb852f085) Importer(815301076,1909f56bfc062723c751e8b465ee728b)  -> (artifact id: '7d44d18198240dfe85ecc10a794a951d') in 0.007864 seconds 
========================================================================
Received Import Request.
  Time since last request: 0.000016 seconds.
  path: Assets/StoneKeep/Prefabs/Stairs_spiral_d.prefab
  artifactKey: Guid(2dbb4cd3b49161549ab76d8e010902ca) Importer(815301076,1909f56bfc062723c751e8b465ee728b)
Start importing Assets/StoneKeep/Prefabs/Stairs_spiral_d.prefab using Guid(2dbb4cd3b49161549ab76d8e010902ca) Importer(815301076,1909f56bfc062723c751e8b465ee728b)  -> (artifact id: '710c474bfe6a10f1e152a5a6de332ad9') in 0.008317 seconds 
========================================================================
Received Import Request.
  Time since last request: 0.000017 seconds.
  path: Assets/StoneKeep/Prefabs/Floor_stairs_e.prefab
  artifactKey: Guid(10b3e461cf98ba649b0062f82a54980c) Importer(815301076,1909f56bfc062723c751e8b465ee728b)
Start importing Assets/StoneKeep/Prefabs/Floor_stairs_e.prefab using Guid(10b3e461cf98ba649b0062f82a54980c) Importer(815301076,1909f56bfc062723c751e8b465ee728b)  -> (artifact id: '1cabbcd19737c7bbb303e502ac5c10b8') in 0.007289 seconds 
========================================================================
Received Import Request.
  Time since last request: 0.000012 seconds.
  path: Assets/StoneKeep/Prefabs/Rubble.prefab
  artifactKey: Guid(84f1c2dec1d7fe24dab82968d3a1dacb) Importer(815301076,1909f56bfc062723c751e8b465ee728b)
Start importing Assets/StoneKeep/Prefabs/Rubble.prefab using Guid(84f1c2dec1d7fe24dab82968d3a1dacb) Importer(815301076,1909f56bfc062723c751e8b465ee728b)  -> (artifact id: 'f62553611c8fe6fc6ab4cdfbcef436cf') in 0.007248 seconds 
========================================================================
Received Import Request.
  Time since last request: 0.000019 seconds.
  path: Assets/StoneKeep/Prefabs/Wall_b.prefab
  artifactKey: Guid(b0ad42c496536b34ba2c5285bc5de2de) Importer(815301076,1909f56bfc062723c751e8b465ee728b)
Start importing Assets/StoneKeep/Prefabs/Wall_b.prefab using Guid(b0ad42c496536b34ba2c5285bc5de2de) Importer(815301076,1909f56bfc062723c751e8b465ee728b)  -> (artifact id: 'ae968a4a49f2e0ee2c74492d63adab2e') in 0.007876 seconds 
========================================================================
Received Import Request.
  Time since last request: 0.000014 seconds.
  path: Assets/StoneKeep/Prefabs/Tower_e.prefab
  artifactKey: Guid(9adf506ffaffdb34bbbc80b1e27be610) Importer(815301076,1909f56bfc062723c751e8b465ee728b)
Start importing Assets/StoneKeep/Prefabs/Tower_e.prefab using Guid(9adf506ffaffdb34bbbc80b1e27be610) Importer(815301076,1909f56bfc062723c751e8b465ee728b)  -> (artifact id: '645115e43cfd0c8a9b6b0e5c69ce6654') in 0.007685 seconds 
========================================================================
Received Import Request.
  Time since last request: 0.000019 seconds.
  path: Assets/StoneKeep/Prefabs/Capsule.prefab
  artifactKey: Guid(b71b1d6f203521a48b471bf9fc116208) Importer(815301076,1909f56bfc062723c751e8b465ee728b)
Start importing Assets/StoneKeep/Prefabs/Capsule.prefab using Guid(b71b1d6f203521a48b471bf9fc116208) Importer(815301076,1909f56bfc062723c751e8b465ee728b)  -> (artifact id: '4bfe2e477f7c2a512ff2e1897d113ea7') in 0.007241 seconds 
========================================================================
Received Import Request.
  Time since last request: 0.000014 seconds.
  path: Assets/StoneKeep/Prefabs/Gravel_base_c.prefab
  artifactKey: Guid(c1f4a22861ed0e046a52c8a9858fbc3b) Importer(815301076,1909f56bfc062723c751e8b465ee728b)
Start importing Assets/StoneKeep/Prefabs/Gravel_base_c.prefab using Guid(c1f4a22861ed0e046a52c8a9858fbc3b) Importer(815301076,1909f56bfc062723c751e8b465ee728b)  -> (artifact id: '32ef3e87d8c17f4d84ea64cfb5d0679e') in 0.007059 seconds 
========================================================================
Received Import Request.
  Time since last request: 3.888029 seconds.
  path: Assets/StoneKeep/Terrain/New Terrain.asset
  artifactKey: Guid(7919fe606000b90498c9456cf122cd50) Importer(815301076,1909f56bfc062723c751e8b465ee728b)
Start importing Assets/StoneKeep/Terrain/New Terrain.asset using Guid(7919fe606000b90498c9456cf122cd50) Importer(815301076,1909f56bfc062723c751e8b465ee728b)  -> (artifact id: '6d3e546be2c884a41056c2826bb7fb16') in 0.095742 seconds 
========================================================================
Received Import Request.
  Time since last request: 0.447954 seconds.
  path: Assets/StoneKeep/Textures/Grey.tga
  artifactKey: Guid(257e286cefb59154984db1b99cfdaa51) Importer(815301076,1909f56bfc062723c751e8b465ee728b)
Start importing Assets/StoneKeep/Textures/Grey.tga using Guid(257e286cefb59154984db1b99cfdaa51) Importer(815301076,1909f56bfc062723c751e8b465ee728b)  -> (artifact id: '09492cd4bf9ed0f474fa7ffe5736c005') in 0.014682 seconds 
========================================================================
Received Import Request.
  Time since last request: 0.000013 seconds.
  path: Assets/StoneKeep/Textures/Wood_diffuse.tga
  artifactKey: Guid(7eeb6b75b7eed9e4bbcacf8aadbee078) Importer(815301076,1909f56bfc062723c751e8b465ee728b)
Start importing Assets/StoneKeep/Textures/Wood_diffuse.tga using Guid(7eeb6b75b7eed9e4bbcacf8aadbee078) Importer(815301076,1909f56bfc062723c751e8b465ee728b)  -> (artifact id: '494d936f649be8314bf334fde9b8b318') in 0.008019 seconds 
========================================================================
Received Import Request.
  Time since last request: 25.586917 seconds.
  path: Assets
  artifactKey: Guid(00000000000000001000000000000000) Importer(815301076,1909f56bfc062723c751e8b465ee728b)
Start importing Assets using Guid(00000000000000001000000000000000) Importer(815301076,1909f56bfc062723c751e8b465ee728b)  -> (artifact id: '79842766b460edbeab6a34051e857a80') in 0.001433 seconds 
========================================================================
Received Import Request.
  Time since last request: 2.825648 seconds.
  path: Assets/_TerrainAutoUpgrade/layer_Grey12a734f1a24d4f9e.terrainlayer
  artifactKey: Guid(ca7ac4e94db36f443a7c7ffde59c573c) Importer(815301076,1909f56bfc062723c751e8b465ee728b)
Start importing Assets/_TerrainAutoUpgrade/layer_Grey12a734f1a24d4f9e.terrainlayer using Guid(ca7ac4e94db36f443a7c7ffde59c573c) Importer(815301076,1909f56bfc062723c751e8b465ee728b)  -> (artifact id: '780dfdbc6433511a8976f13319537811') in 0.008803 seconds 
========================================================================
Received Import Request.
  Time since last request: 19028.109481 seconds.
  path: Assets/Prefabs
  artifactKey: Guid(6860941165e22554786510313ebf1018) Importer(815301076,1909f56bfc062723c751e8b465ee728b)
Start importing Assets/Prefabs using Guid(6860941165e22554786510313ebf1018) Importer(815301076,1909f56bfc062723c751e8b465ee728b)  -> (artifact id: 'cdbfd8945279eae071ce41abfe8f5607') in 0.001819 seconds 
========================================================================
Received Import Request.
  Time since last request: 3.784297 seconds.
  path: Assets/Prefabs/Tower1.prefab
  artifactKey: Guid(40d6289329b59ca44830918771eef314) Importer(815301076,1909f56bfc062723c751e8b465ee728b)
Start importing Assets/Prefabs/Tower1.prefab using Guid(40d6289329b59ca44830918771eef314) Importer(815301076,1909f56bfc062723c751e8b465ee728b)  -> (artifact id: '9124e84a4fa9ca6dd2c2ca70d5e9daf8') in 0.019172 seconds 
